<?xml version="1.0" encoding="UTF-8"?>
<testsuite name="com.jojoldu.book.springboot.domain.posts.PostsRepositoryTest" tests="2" skipped="0" failures="0" errors="0" timestamp="2023-03-03T06:22:23" hostname="VI108029-N004" time="0.606">
  <properties/>
  <testcase name="게시글저장_불러오기" classname="com.jojoldu.book.springboot.domain.posts.PostsRepositoryTest" time="0.588"/>
  <testcase name="BaseTimeEntity_등록" classname="com.jojoldu.book.springboot.domain.posts.PostsRepositoryTest" time="0.017"/>
  <system-out><![CDATA[2023-03-03 15:22:04.205  INFO 12092 --- [    Test worker] .b.t.c.SpringBootTestContextBootstrapper : Neither @ContextConfiguration nor @ContextHierarchy found for test class [com.jojoldu.book.springboot.domain.posts.PostsRepositoryTest], using SpringBootContextLoader
2023-03-03 15:22:04.207  INFO 12092 --- [    Test worker] o.s.t.c.support.AbstractContextLoader    : Could not detect default resource locations for test class [com.jojoldu.book.springboot.domain.posts.PostsRepositoryTest]: no resource found for suffixes {-context.xml, Context.groovy}.
2023-03-03 15:22:04.207  INFO 12092 --- [    Test worker] t.c.s.AnnotationConfigContextLoaderUtils : Could not detect default configuration classes for test class [com.jojoldu.book.springboot.domain.posts.PostsRepositoryTest]: PostsRepositoryTest does not declare any static, non-private, non-final, nested classes annotated with @Configuration.
2023-03-03 15:22:04.240  INFO 12092 --- [    Test worker] .b.t.c.SpringBootTestContextBootstrapper : Found @SpringBootConfiguration com.jojoldu.book.springboot.Application for test class com.jojoldu.book.springboot.domain.posts.PostsRepositoryTest
2023-03-03 15:22:04.246  INFO 12092 --- [    Test worker] .b.t.c.SpringBootTestContextBootstrapper : Loaded default TestExecutionListener class names from location [META-INF/spring.factories]: [org.springframework.security.test.context.support.WithSecurityContextTestExecutionListener, org.springframework.security.test.context.support.ReactorContextTestExecutionListener, org.springframework.boot.test.autoconfigure.restdocs.RestDocsTestExecutionListener, org.springframework.boot.test.autoconfigure.web.client.MockRestServiceServerResetTestExecutionListener, org.springframework.boot.test.autoconfigure.web.servlet.MockMvcPrintOnlyOnFailureTestExecutionListener, org.springframework.boot.test.autoconfigure.web.servlet.WebDriverTestExecutionListener, org.springframework.boot.test.mock.mockito.MockitoTestExecutionListener, org.springframework.boot.test.mock.mockito.ResetMocksTestExecutionListener, org.springframework.test.context.web.ServletTestExecutionListener, org.springframework.test.context.support.DirtiesContextBeforeModesTestExecutionListener, org.springframework.test.context.support.DependencyInjectionTestExecutionListener, org.springframework.test.context.support.DirtiesContextTestExecutionListener, org.springframework.test.context.transaction.TransactionalTestExecutionListener, org.springframework.test.context.jdbc.SqlScriptsTestExecutionListener]
2023-03-03 15:22:04.248  INFO 12092 --- [    Test worker] .b.t.c.SpringBootTestContextBootstrapper : Using TestExecutionListeners: [org.springframework.test.context.web.ServletTestExecutionListener@2a1bf261, org.springframework.test.context.support.DirtiesContextBeforeModesTestExecutionListener@4bc497f5, org.springframework.boot.test.mock.mockito.MockitoTestExecutionListener@4355e7c4, org.springframework.boot.test.autoconfigure.SpringBootDependencyInjectionTestExecutionListener@6bfdb879, org.springframework.test.context.support.DirtiesContextTestExecutionListener@1e00c79d, org.springframework.test.context.transaction.TransactionalTestExecutionListener@71948097, org.springframework.test.context.jdbc.SqlScriptsTestExecutionListener@1d9332a6, org.springframework.security.test.context.support.WithSecurityContextTestExecutionListener@1b2b6f1d, org.springframework.security.test.context.support.ReactorContextTestExecutionListener@30f7fca, org.springframework.boot.test.autoconfigure.restdocs.RestDocsTestExecutionListener@56cad704, org.springframework.boot.test.autoconfigure.web.client.MockRestServiceServerResetTestExecutionListener@52c8d979, org.springframework.boot.test.autoconfigure.web.servlet.MockMvcPrintOnlyOnFailureTestExecutionListener@12db07ba, org.springframework.boot.test.autoconfigure.web.servlet.WebDriverTestExecutionListener@6a52db04, org.springframework.boot.test.mock.mockito.ResetMocksTestExecutionListener@6a2053bd]

  .   ____          _            __ _ _
 /\\ / ___'_ __ _ _(_)_ __  __ _ \ \ \ \
( ( )\___ | '_ | '_| | '_ \/ _` | \ \ \ \
 \\/  ___)| |_)| | | | | || (_| |  ) ) ) )
  '  |____| .__|_| |_|_| |_\__, | / / / /
 =========|_|==============|___/=/_/_/_/
 :: Spring Boot ::        (v2.1.9.RELEASE)

2023-03-03 15:22:04.396  INFO 12092 --- [    Test worker] c.j.b.s.d.posts.PostsRepositoryTest      : Starting PostsRepositoryTest on VI108029-N004 with PID 12092 (started by O108029 in C:\Users\o108029\IdeaProjects\freelec-springboot2-webservice)
2023-03-03 15:22:04.398  INFO 12092 --- [    Test worker] c.j.b.s.d.posts.PostsRepositoryTest      : No active profile set, falling back to default profiles: default
2023-03-03 15:22:06.053  INFO 12092 --- [    Test worker] .s.d.r.c.RepositoryConfigurationDelegate : Bootstrapping Spring Data repositories in DEFAULT mode.
2023-03-03 15:22:06.295  INFO 12092 --- [    Test worker] .s.d.r.c.RepositoryConfigurationDelegate : Finished Spring Data repository scanning in 215ms. Found 2 repository interfaces.
2023-03-03 15:22:07.293  INFO 12092 --- [    Test worker] trationDelegate$BeanPostProcessorChecker : Bean 'org.springframework.transaction.annotation.ProxyTransactionManagementConfiguration' of type [org.springframework.transaction.annotation.ProxyTransactionManagementConfiguration$$EnhancerBySpringCGLIB$$8c99ffa5] is not eligible for getting processed by all BeanPostProcessors (for example: not eligible for auto-proxying)
2023-03-03 15:22:07.932  INFO 12092 --- [    Test worker] com.zaxxer.hikari.HikariDataSource       : HikariPool-1 - Starting...
2023-03-03 15:22:08.776  INFO 12092 --- [    Test worker] com.zaxxer.hikari.HikariDataSource       : HikariPool-1 - Start completed.
2023-03-03 15:22:09.208  INFO 12092 --- [    Test worker] o.hibernate.jpa.internal.util.LogHelper  : HHH000204: Processing PersistenceUnitInfo [
	name: default
	...]
2023-03-03 15:22:09.568  INFO 12092 --- [    Test worker] org.hibernate.Version                    : HHH000412: Hibernate Core {5.3.12.Final}
2023-03-03 15:22:09.575  INFO 12092 --- [    Test worker] org.hibernate.cfg.Environment            : HHH000206: hibernate.properties not found
2023-03-03 15:22:09.863  INFO 12092 --- [    Test worker] o.hibernate.annotations.common.Version   : HCANN000001: Hibernate Commons Annotations {5.0.4.Final}
2023-03-03 15:22:11.049  INFO 12092 --- [    Test worker] org.hibernate.dialect.Dialect            : HHH000400: Using dialect: org.hibernate.dialect.MySQL5InnoDBDialect
Hibernate: drop table if exists posts
Hibernate: drop table if exists user
Hibernate: create table posts (id bigint not null auto_increment, created_date datetime, modified_date datetime, author varchar(255), content TEXT not null, title varchar(500) not null, primary key (id)) engine=InnoDB
Hibernate: create table user (id bigint not null auto_increment, created_date datetime, modified_date datetime, email varchar(255) not null, name varchar(255) not null, picture varchar(255), role varchar(255) not null, primary key (id)) engine=InnoDB
2023-03-03 15:22:14.277  INFO 12092 --- [    Test worker] o.h.t.schema.internal.SchemaCreatorImpl  : HHH000476: Executing import script 'org.hibernate.tool.schema.internal.exec.ScriptSourceInputNonExistentImpl@30cdc0ff'
2023-03-03 15:22:14.299  INFO 12092 --- [    Test worker] j.LocalContainerEntityManagerFactoryBean : Initialized JPA EntityManagerFactory for persistence unit 'default'
2023-03-03 15:22:15.828  INFO 12092 --- [    Test worker] o.h.h.i.QueryTranslatorFactoryInitiator  : HHH000397: Using ASTQueryTranslatorFactory
2023-03-03 15:22:16.794  INFO 12092 --- [    Test worker] o.s.s.web.DefaultSecurityFilterChain     : Creating filter chain: any request, [org.springframework.security.web.context.request.async.WebAsyncManagerIntegrationFilter@344c0de0, org.springframework.security.web.context.SecurityContextPersistenceFilter@14aeafc9, org.springframework.security.web.header.HeaderWriterFilter@6d3b735b, org.springframework.security.web.authentication.logout.LogoutFilter@ea3dded, org.springframework.security.oauth2.client.web.OAuth2AuthorizationRequestRedirectFilter@6cc70ddb, org.springframework.security.oauth2.client.web.OAuth2LoginAuthenticationFilter@b11c69e, org.springframework.security.web.authentication.ui.DefaultLoginPageGeneratingFilter@6f12e721, org.springframework.security.web.authentication.ui.DefaultLogoutPageGeneratingFilter@2dd5d56a, org.springframework.security.web.savedrequest.RequestCacheAwareFilter@6626e49, org.springframework.security.web.servletapi.SecurityContextHolderAwareRequestFilter@30756475, org.springframework.security.web.authentication.AnonymousAuthenticationFilter@28f5c378, org.springframework.security.web.session.SessionManagementFilter@43139577, org.springframework.security.web.access.ExceptionTranslationFilter@20365d08, org.springframework.security.web.access.intercept.FilterSecurityInterceptor@4b7fde8d]
2023-03-03 15:22:20.673  INFO 12092 --- [    Test worker] o.s.s.concurrent.ThreadPoolTaskExecutor  : Initializing ExecutorService 'applicationTaskExecutor'
2023-03-03 15:22:21.394  WARN 12092 --- [    Test worker] aWebConfiguration$JpaWebMvcConfiguration : spring.jpa.open-in-view is enabled by default. Therefore, database queries may be performed during view rendering. Explicitly configure spring.jpa.open-in-view to disable this warning
2023-03-03 15:22:21.630  INFO 12092 --- [    Test worker] o.s.b.a.w.s.WelcomePageHandlerMapping    : Adding welcome page template: index
2023-03-03 15:22:23.628  INFO 12092 --- [    Test worker] s.a.ScheduledAnnotationBeanPostProcessor : No TaskScheduler/ScheduledExecutorService bean found for scheduled processing
2023-03-03 15:22:23.646  INFO 12092 --- [    Test worker] c.j.b.s.d.posts.PostsRepositoryTest      : Started PostsRepositoryTest in 19.394 seconds (JVM running for 34.284)
Hibernate: insert into posts (created_date, modified_date, author, content, title) values (?, ?, ?, ?, ?)
Hibernate: select posts0_.id as id1_0_, posts0_.created_date as created_2_0_, posts0_.modified_date as modified3_0_, posts0_.author as author4_0_, posts0_.content as content5_0_, posts0_.title as title6_0_ from posts posts0_
Hibernate: select posts0_.id as id1_0_, posts0_.created_date as created_2_0_, posts0_.modified_date as modified3_0_, posts0_.author as author4_0_, posts0_.content as content5_0_, posts0_.title as title6_0_ from posts posts0_
Hibernate: delete from posts where id=?
Hibernate: insert into posts (created_date, modified_date, author, content, title) values (?, ?, ?, ?, ?)
Hibernate: select posts0_.id as id1_0_, posts0_.created_date as created_2_0_, posts0_.modified_date as modified3_0_, posts0_.author as author4_0_, posts0_.content as content5_0_, posts0_.title as title6_0_ from posts posts0_
>>>>>>> createDate=2023-03-03T15:22:24.247, modifiedDate=2023-03-03T15:22:24.247, now_val=2019-06-04T00:00
Hibernate: select posts0_.id as id1_0_, posts0_.created_date as created_2_0_, posts0_.modified_date as modified3_0_, posts0_.author as author4_0_, posts0_.content as content5_0_, posts0_.title as title6_0_ from posts posts0_
Hibernate: delete from posts where id=?
]]></system-out>
  <system-err><![CDATA[]]></system-err>
</testsuite>
